
           ####      G N O M              Version 5.0 (r8972)      ####
                                               Fri Apr 13 12:16:33 2018

           ####      Configuration                                 ####

    System Type:                   arbitrary monodisperse (job = 0)
    Minimum characteristic size:         0.0000
    Maximum characteristic size:       235.0000
    rad56:                               0.0000
    Force 0.0 at r = rmin:                  yes
    Force 0.0 at r = rmax:                  yes
    Initial alpha:                       0.0000
    Initial random seed:    4795004669888768000
    Points in real space:                    61

    Input  1:                      FF-ND-CC-+010.RSR
    First data point used:                    1
    Last data point used:                    61
    Scaling coefficient:             0.1000E+01
    Experimental setup:            point collimation


           ####      Results                                       ####

    Parameter    DISCRP  OSCILL  STABIL  SYSDEV  POSITV  VALCEN  SMOOTH
    Weight        1.000   3.000   3.000   3.000   1.000   1.000   2.000
    Sigma         0.300   0.600   0.120   0.120   0.120   0.120   0.600
    Ideal         0.700   1.100   0.000   1.000   1.000   0.950   0.000
    Current       0.840   1.582   0.007   1.433   1.000   0.796   0.180
               --------------------------------------------------------
    Estimate      0.805   0.524   0.997   1.000   1.000   0.195   0.914

    Angular range:                       0.0198 to       0.2154
    Reciprocal space Rg:             0.6379E+02
    Reciprocal space I(0):           0.9084E-04

    Real space range:                    0.0000 to     235.0000
    Real space Rg:                   0.6418E+02 +-   0.1902E+01
    Real space I(0):                 0.9085E-04 +-   0.3085E-05

    Highest ALPHA (theor):           0.8731E+08
    Current ALPHA:                   0.5445E-01

    Total Estimate:                      0.8136 (a GOOD solution)
    Warning:                       Smin * Dmax =   4.665 is greater than Pi



           ####      Experimental Data and Fit                     ####

      S          J EXP       ERROR       J REG       I REG

   0.000000E+00                                                0.908481E-04
   0.827045E-03                                                0.907625E-04
   0.165409E-02                                                0.905074E-04
   0.248113E-02                                                0.900840E-04
   0.330818E-02                                                0.894957E-04
   0.413522E-02                                                0.887465E-04
   0.496227E-02                                                0.878418E-04
   0.578931E-02                                                0.867877E-04
   0.661636E-02                                                0.855918E-04
   0.744340E-02                                                0.842621E-04
   0.827045E-02                                                0.828076E-04
   0.909749E-02                                                0.812378E-04
   0.992454E-02                                                0.795631E-04
   0.107516E-01                                                0.777940E-04
   0.115786E-01                                                0.759414E-04
   0.124057E-01                                                0.740164E-04
   0.132327E-01                                                0.720304E-04
   0.140598E-01                                                0.699944E-04
   0.148868E-01                                                0.679196E-04
   0.157139E-01                                                0.658166E-04
   0.165409E-01                                                0.636960E-04
   0.173679E-01                                                0.615677E-04
   0.181950E-01                                                0.594412E-04
   0.190220E-01                                                0.573254E-04
   0.198491E-01   0.508806E-04   0.434669E-05   0.552286E-04   0.552286E-04
   0.206883E-01   0.507870E-04   0.860525E-06   0.531282E-04   0.531282E-04
   0.215274E-01   0.519630E-04   0.772033E-06   0.510622E-04   0.510622E-04
   0.223666E-01   0.488757E-04   0.632518E-06   0.490369E-04   0.490369E-04
   0.232058E-01   0.476873E-04   0.606944E-06   0.470580E-04   0.470580E-04
   0.240450E-01   0.455437E-04   0.516823E-06   0.451301E-04   0.451301E-04
   0.248841E-01   0.428591E-04   0.458846E-06   0.432573E-04   0.432573E-04
   0.257233E-01   0.420454E-04   0.424087E-06   0.414426E-04   0.414426E-04
   0.265625E-01   0.393398E-04   0.370554E-06   0.396885E-04   0.396885E-04
   0.274017E-01   0.387915E-04   0.366092E-06   0.379967E-04   0.379967E-04
   0.282409E-01   0.362211E-04   0.331995E-06   0.363683E-04   0.363683E-04
   0.290800E-01   0.340264E-04   0.305033E-06   0.348039E-04   0.348039E-04
   0.299192E-01   0.336592E-04   0.289113E-06   0.333033E-04   0.333033E-04
   0.311780E-01   0.312274E-04   0.188992E-06   0.311707E-04   0.311707E-04
   0.328563E-01   0.285641E-04   0.171460E-06   0.285423E-04   0.285423E-04
   0.345347E-01   0.260901E-04   0.157144E-06   0.261475E-04   0.261475E-04
   0.362131E-01   0.238647E-04   0.143086E-06   0.239700E-04   0.239700E-04
   0.378914E-01   0.220021E-04   0.133687E-06   0.219917E-04   0.219917E-04
   0.395698E-01   0.203323E-04   0.125932E-06   0.201943E-04   0.201943E-04
   0.412481E-01   0.185083E-04   0.113796E-06   0.185601E-04   0.185601E-04
   0.429265E-01   0.171215E-04   0.107692E-06   0.170728E-04   0.170728E-04
   0.446048E-01   0.157072E-04   0.100821E-06   0.157179E-04   0.157179E-04
   0.462832E-01   0.146423E-04   0.950314E-07   0.144829E-04   0.144829E-04
   0.479615E-01   0.130847E-04   0.878045E-07   0.133568E-04   0.133568E-04
   0.496399E-01   0.123710E-04   0.845253E-07   0.123303E-04   0.123303E-04
   0.513183E-01   0.113947E-04   0.798258E-07   0.113954E-04   0.113954E-04
   0.529966E-01   0.105067E-04   0.754406E-07   0.105445E-04   0.105445E-04
   0.546750E-01   0.986764E-05   0.723585E-07   0.977074E-05   0.977074E-05
   0.563533E-01   0.905497E-05   0.682113E-07   0.906761E-05   0.906761E-05
   0.580317E-01   0.834385E-05   0.646512E-07   0.842861E-05   0.842861E-05
   0.597100E-01   0.799293E-05   0.628008E-07   0.784735E-05   0.784735E-05
   0.622276E-01   0.707829E-05   0.407192E-07   0.707019E-05   0.707019E-05
   0.655843E-01   0.614421E-05   0.371634E-07   0.618056E-05   0.618056E-05
   0.689410E-01   0.544305E-05   0.342073E-07   0.542233E-05   0.542233E-05
   0.722977E-01   0.472062E-05   0.311830E-07   0.476627E-05   0.476627E-05
   0.756544E-01   0.422607E-05   0.289492E-07   0.419403E-05   0.419403E-05
   0.790111E-01   0.370219E-05   0.264713E-07   0.369572E-05   0.369572E-05
   0.823679E-01   0.327424E-05   0.245488E-07   0.326543E-05   0.326543E-05
   0.857246E-01   0.289794E-05   0.227877E-07   0.289722E-05   0.289722E-05
   0.890813E-01   0.257337E-05   0.211058E-07   0.258306E-05   0.258306E-05
   0.924380E-01   0.229517E-05   0.196510E-07   0.231312E-05   0.231312E-05
   0.957947E-01   0.208761E-05   0.183976E-07   0.207747E-05   0.207747E-05
   0.991514E-01   0.185763E-05   0.172219E-07   0.186818E-05   0.186818E-05
   0.104186E+00   0.160661E-05   0.111294E-07   0.159370E-05   0.159370E-05
   0.110900E+00   0.128332E-05   0.974589E-08   0.129354E-05   0.129354E-05
   0.117613E+00   0.106339E-05   0.873052E-08   0.106141E-05   0.106141E-05
   0.124327E+00   0.883596E-06   0.783631E-08   0.878965E-06   0.878965E-06
   0.131040E+00   0.724691E-06   0.704365E-08   0.728749E-06   0.728749E-06
   0.137754E+00   0.605568E-06   0.638313E-08   0.604990E-06   0.604990E-06
   0.144467E+00   0.504936E-06   0.582811E-08   0.505531E-06   0.505531E-06
   0.151180E+00   0.429202E-06   0.534405E-08   0.424919E-06   0.424919E-06
   0.157894E+00   0.352277E-06   0.490473E-08   0.358937E-06   0.358937E-06
   0.164607E+00   0.311199E-06   0.457790E-08   0.306213E-06   0.306213E-06
   0.171321E+00   0.262327E-06   0.428747E-08   0.263568E-06   0.263568E-06
   0.178034E+00   0.225775E-06   0.401253E-08   0.226540E-06   0.226540E-06
   0.184748E+00   0.194598E-06   0.377396E-08   0.194532E-06   0.194532E-06
   0.191461E+00   0.170701E-06   0.354834E-08   0.169359E-06   0.169359E-06
   0.198174E+00   0.148514E-06   0.337958E-08   0.150207E-06   0.150207E-06
   0.204888E+00   0.134814E-06   0.325819E-08   0.133782E-06   0.133782E-06
   0.211601E+00   0.116609E-06   0.470925E-08   0.117473E-06   0.117473E-06
   0.215378E+00   0.143152E-06   0.709679E-07   0.107544E-06   0.107544E-06

           ####      Real Space Data                               ####

           Distance distribution  function of particle  


      R          P(R)      ERROR

  0.0000E+00  0.0000E+00  0.0000E+00
  0.3917E+01  0.3168E-08  0.4675E-09
  0.7833E+01  0.9874E-08  0.1734E-09
  0.1175E+02  0.1887E-07  0.3629E-09
  0.1567E+02  0.2862E-07  0.6212E-09
  0.1958E+02  0.3784E-07  0.4002E-09
  0.2350E+02  0.4578E-07  0.2001E-09
  0.2742E+02  0.5232E-07  0.6205E-09
  0.3133E+02  0.5763E-07  0.6629E-09
  0.3525E+02  0.6195E-07  0.3446E-09
  0.3917E+02  0.6538E-07  0.4468E-09
  0.4308E+02  0.6784E-07  0.7127E-09
  0.4700E+02  0.6930E-07  0.6061E-09
  0.5092E+02  0.6982E-07  0.4781E-09
  0.5483E+02  0.6964E-07  0.7977E-09
  0.5875E+02  0.6902E-07  0.9512E-09
  0.6267E+02  0.6814E-07  0.7864E-09
  0.6658E+02  0.6697E-07  0.7508E-09
  0.7050E+02  0.6539E-07  0.9779E-09
  0.7442E+02  0.6330E-07  0.1014E-08
  0.7833E+02  0.6076E-07  0.9456E-09
  0.8225E+02  0.5799E-07  0.1155E-08
  0.8617E+02  0.5524E-07  0.1383E-08
  0.9008E+02  0.5267E-07  0.1345E-08
  0.9400E+02  0.5023E-07  0.1256E-08
  0.9792E+02  0.4774E-07  0.1372E-08
  0.1018E+03  0.4504E-07  0.1452E-08
  0.1058E+03  0.4213E-07  0.1416E-08
  0.1097E+03  0.3916E-07  0.1550E-08
  0.1136E+03  0.3638E-07  0.1791E-08
  0.1175E+03  0.3394E-07  0.1826E-08
  0.1214E+03  0.3177E-07  0.1717E-08
  0.1253E+03  0.2967E-07  0.1735E-08
  0.1292E+03  0.2744E-07  0.1786E-08
  0.1332E+03  0.2504E-07  0.1721E-08
  0.1371E+03  0.2264E-07  0.1773E-08
  0.1410E+03  0.2049E-07  0.1998E-08
  0.1449E+03  0.1877E-07  0.2056E-08
  0.1488E+03  0.1742E-07  0.1907E-08
  0.1528E+03  0.1618E-07  0.1850E-08
  0.1567E+03  0.1481E-07  0.1878E-08
  0.1606E+03  0.1323E-07  0.1784E-08
  0.1645E+03  0.1159E-07  0.1797E-08
  0.1684E+03  0.1020E-07  0.2057E-08
  0.1723E+03  0.9244E-08  0.2146E-08
  0.1762E+03  0.8674E-08  0.1928E-08
  0.1802E+03  0.8200E-08  0.1777E-08
  0.1841E+03  0.7526E-08  0.1751E-08
  0.1880E+03  0.6573E-08  0.1526E-08
  0.1919E+03  0.5550E-08  0.1454E-08
  0.1958E+03  0.4783E-08  0.1829E-08
  0.1998E+03  0.4428E-08  0.1941E-08
  0.2037E+03  0.4299E-08  0.1647E-08
  0.2076E+03  0.3996E-08  0.1541E-08
  0.2115E+03  0.3248E-08  0.1430E-08
  0.2154E+03  0.2215E-08  0.9330E-09
  0.2193E+03  0.1425E-08  0.1369E-08
  0.2232E+03  0.1295E-08  0.1762E-08
  0.2272E+03  0.1582E-08  0.1344E-08
  0.2311E+03  0.1373E-08  0.1964E-08
  0.2350E+03  0.0000E+00  0.0000E+00
