
           ####      G N O M              Version 5.0 (r8972)      ####
                                               Mon Apr 23 15:39:43 2018

           ####      Configuration                                 ####

    System Type:                   arbitrary monodisperse (job = 0)
    Minimum characteristic size:         0.0000
    Maximum characteristic size:       215.0000
    rad56:                               0.0000
    Force 0.0 at r = rmin:                  yes
    Force 0.0 at r = rmax:                  yes
    Initial alpha:                       0.0000
    Initial random seed:    1377687477477136952
    Points in real space:                    74

    Input  1:                      FF-REF-SC--080-T.RSR
    First data point used:                    1
    Last data point used:                    87
    Scaling coefficient:             0.1000E+01
    Experimental setup:            point collimation


           ####      Results                                       ####

    Parameter    DISCRP  OSCILL  STABIL  SYSDEV  POSITV  VALCEN  SMOOTH
    Weight        1.000   3.000   3.000   3.000   1.000   1.000   2.000
    Sigma         0.300   0.600   0.120   0.120   0.120   0.120   0.600
    Ideal         0.700   1.100   0.000   1.000   1.000   0.950   0.000
    Current       0.848   1.491   0.003   1.256   1.000   0.856   0.289
               --------------------------------------------------------
    Estimate      0.784   0.654   0.999   1.000   1.000   0.543   0.793

    Angular range:                       0.0123 to       0.4122
    Reciprocal space Rg:             0.5965E+02
    Reciprocal space I(0):           0.3162E-03

    Real space range:                    0.0000 to     215.0000
    Real space Rg:                   0.5988E+02 +-   0.3897E+00
    Real space I(0):                 0.3163E-03 +-   0.1625E-05

    Highest ALPHA (theor):           0.1259E+10
    Current ALPHA:                   0.5928E+01

    Total Estimate:                      0.8481 (a GOOD solution)



           ####      Experimental Data and Fit                     ####

      S          J EXP       ERROR       J REG       I REG

   0.000000E+00                                                0.316253E-03
   0.819765E-03                                                0.315998E-03
   0.163953E-02                                                0.315238E-03
   0.245929E-02                                                0.313976E-03
   0.327906E-02                                                0.312218E-03
   0.409882E-02                                                0.309975E-03
   0.491859E-02                                                0.307260E-03
   0.573835E-02                                                0.304087E-03
   0.655812E-02                                                0.300473E-03
   0.737788E-02                                                0.296439E-03
   0.819765E-02                                                0.292005E-03
   0.901741E-02                                                0.287197E-03
   0.983718E-02                                                0.282037E-03
   0.106569E-01                                                0.276553E-03
   0.114767E-01                                                0.270773E-03
   0.122965E-01   0.264719E-03   0.416954E-05   0.264725E-03   0.264725E-03
   0.131357E-01   0.255188E-03   0.164651E-05   0.258287E-03   0.258287E-03
   0.139748E-01   0.248706E-03   0.128872E-05   0.251630E-03   0.251630E-03
   0.148140E-01   0.246993E-03   0.128447E-05   0.244786E-03   0.244786E-03
   0.156532E-01   0.239858E-03   0.125158E-05   0.237787E-03   0.237787E-03
   0.164924E-01   0.231346E-03   0.116373E-05   0.230665E-03   0.230665E-03
   0.173315E-01   0.223883E-03   0.113679E-05   0.223451E-03   0.223451E-03
   0.181707E-01   0.217660E-03   0.106782E-05   0.216174E-03   0.216174E-03
   0.190099E-01   0.209564E-03   0.104365E-05   0.208863E-03   0.208863E-03
   0.198491E-01   0.201533E-03   0.102388E-05   0.201547E-03   0.201547E-03
   0.206883E-01   0.194200E-03   0.100552E-05   0.194251E-03   0.194251E-03
   0.215274E-01   0.187583E-03   0.946307E-06   0.187000E-03   0.187000E-03
   0.223666E-01   0.180854E-03   0.920355E-06   0.179819E-03   0.179819E-03
   0.232058E-01   0.172606E-03   0.866951E-06   0.172727E-03   0.172727E-03
   0.240450E-01   0.165583E-03   0.839542E-06   0.165745E-03   0.165745E-03
   0.248841E-01   0.158871E-03   0.822599E-06   0.158891E-03   0.158891E-03
   0.257233E-01   0.151594E-03   0.781325E-06   0.152179E-03   0.152179E-03
   0.265625E-01   0.145831E-03   0.754683E-06   0.145625E-03   0.145625E-03
   0.274017E-01   0.138421E-03   0.718114E-06   0.139239E-03   0.139239E-03
   0.282409E-01   0.133969E-03   0.695064E-06   0.133032E-03   0.133032E-03
   0.290800E-01   0.128055E-03   0.679612E-06   0.127011E-03   0.127011E-03
   0.299192E-01   0.122067E-03   0.663629E-06   0.121185E-03   0.121185E-03
   0.311780E-01   0.112983E-03   0.439563E-06   0.112817E-03   0.112817E-03
   0.328563E-01   0.101789E-03   0.403215E-06   0.102369E-03   0.102369E-03
   0.345347E-01   0.934494E-04   0.382260E-06   0.927336E-04   0.927336E-04
   0.362131E-01   0.841651E-04   0.355095E-06   0.838949E-04   0.838949E-04
   0.378914E-01   0.754683E-04   0.326363E-06   0.758239E-04   0.758239E-04
   0.395698E-01   0.689055E-04   0.307694E-06   0.684808E-04   0.684808E-04
   0.412481E-01   0.621655E-04   0.284543E-06   0.618189E-04   0.618189E-04
   0.429265E-01   0.556201E-04   0.262369E-06   0.557879E-04   0.557879E-04
   0.446048E-01   0.506692E-04   0.160698E-05   0.503369E-04   0.503369E-04
   0.647451E-01   0.151041E-04   0.163575E-06   0.152348E-04   0.152348E-04
   0.681018E-01   0.128362E-04   0.728840E-07   0.127639E-04   0.127639E-04
   0.714585E-01   0.108711E-04   0.653451E-07   0.107972E-04   0.107972E-04
   0.748153E-01   0.916325E-05   0.590264E-07   0.920985E-05   0.920985E-05
   0.781720E-01   0.786322E-05   0.534655E-07   0.790383E-05   0.790383E-05
   0.815287E-01   0.682775E-05   0.490016E-07   0.680992E-05   0.680992E-05
   0.848854E-01   0.588524E-05   0.448348E-07   0.588372E-05   0.588372E-05
   0.882421E-01   0.508278E-05   0.407977E-07   0.509834E-05   0.509834E-05
   0.915988E-01   0.445464E-05   0.375568E-07   0.443541E-05   0.443541E-05
   0.949555E-01   0.390065E-05   0.348157E-07   0.387898E-05   0.387898E-05
   0.983122E-01   0.339259E-05   0.319247E-07   0.341172E-05   0.341172E-05
   0.103347E+00   0.282845E-05   0.202344E-07   0.283887E-05   0.283887E-05
   0.110061E+00   0.225522E-05   0.176842E-07   0.223724E-05   0.223724E-05
   0.116774E+00   0.175644E-05   0.153133E-07   0.176855E-05   0.176855E-05
   0.123488E+00   0.141815E-05   0.134930E-07   0.142053E-05   0.142053E-05
   0.130201E+00   0.118002E-05   0.121418E-07   0.116955E-05   0.116955E-05
   0.136914E+00   0.961730E-06   0.108916E-07   0.970319E-06   0.970319E-06
   0.143628E+00   0.803582E-06   0.984191E-08   0.796536E-06   0.796536E-06
   0.150341E+00   0.644614E-06   0.882332E-08   0.655883E-06   0.655883E-06
   0.157055E+00   0.572885E-06   0.821482E-08   0.557662E-06   0.557662E-06
   0.163768E+00   0.475818E-06   0.753757E-08   0.487781E-06   0.487781E-06
   0.170482E+00   0.430450E-06   0.709063E-08   0.424672E-06   0.424672E-06
   0.177195E+00   0.361739E-06   0.653457E-08   0.363854E-06   0.363854E-06
   0.183908E+00   0.316733E-06   0.618493E-08   0.314064E-06   0.314064E-06
   0.190622E+00   0.272924E-06   0.581814E-08   0.277905E-06   0.277905E-06
   0.197335E+00   0.253643E-06   0.551974E-08   0.248182E-06   0.248182E-06
   0.204049E+00   0.219344E-06   0.525389E-08   0.219915E-06   0.219915E-06
   0.210762E+00   0.187115E-06   0.500420E-08   0.195168E-06   0.195168E-06
   0.217476E+00   0.188256E-06   0.483020E-08   0.175890E-06   0.175890E-06
   0.224189E+00   0.154444E-06   0.527501E-08   0.159413E-06   0.159413E-06
   0.242861E+00   0.128668E-06   0.867555E-08   0.122315E-06   0.122315E-06
   0.253560E+00   0.110295E-06   0.395444E-08   0.113552E-06   0.113552E-06
   0.260274E+00   0.110090E-06   0.388538E-08   0.108147E-06   0.108147E-06
   0.266987E+00   0.104787E-06   0.379562E-08   0.102845E-06   0.102845E-06
   0.273700E+00   0.971049E-07   0.373627E-08   0.991269E-07   0.991269E-07
   0.280414E+00   0.960649E-07   0.366768E-08   0.964594E-07   0.964594E-07
   0.287127E+00   0.951158E-07   0.361786E-08   0.930180E-07   0.930180E-07
   0.293841E+00   0.851222E-07   0.344670E-08   0.881717E-07   0.881717E-07
   0.300554E+00   0.871657E-07   0.345581E-08   0.830830E-07   0.830830E-07
   0.307268E+00   0.762447E-07   0.337914E-08   0.791936E-07   0.791936E-07
   0.313981E+00   0.771059E-07   0.334172E-08   0.770566E-07   0.770566E-07
   0.320694E+00   0.775274E-07   0.328930E-08   0.760926E-07   0.760926E-07
   0.327408E+00   0.747225E-07   0.323179E-08   0.750961E-07   0.750961E-07
   0.334121E+00   0.725691E-07   0.317845E-08   0.732730E-07   0.732730E-07
   0.340835E+00   0.712347E-07   0.315148E-08   0.710469E-07   0.710469E-07
   0.347548E+00   0.697757E-07   0.309507E-08   0.690464E-07   0.690464E-07
   0.354262E+00   0.664109E-07   0.306120E-08   0.670406E-07   0.670406E-07
   0.360975E+00   0.642862E-07   0.302997E-08   0.646822E-07   0.646822E-07
   0.367688E+00   0.645884E-07   0.300093E-08   0.630877E-07   0.630877E-07
   0.374402E+00   0.620716E-07   0.293248E-08   0.636369E-07   0.636369E-07
   0.381115E+00   0.648332E-07   0.295571E-08   0.649952E-07   0.649952E-07
   0.387829E+00   0.665384E-07   0.294604E-08   0.638656E-07   0.638656E-07
   0.394542E+00   0.571422E-07   0.288133E-08   0.602750E-07   0.602750E-07
   0.401256E+00   0.609416E-07   0.288589E-08   0.595051E-07   0.595051E-07
   0.407969E+00   0.651241E-07   0.482716E-08   0.652177E-07   0.652177E-07
   0.412165E+00   0.174138E-07   0.510720E-07   0.704872E-07   0.704872E-07

           ####      Real Space Data                               ####

           Distance distribution  function of particle  


      R          P(R)      ERROR

  0.0000E+00  0.0000E+00  0.0000E+00
  0.2945E+01  0.5243E-08  0.1948E-09
  0.5890E+01  0.1482E-07  0.1119E-09
  0.8836E+01  0.2936E-07  0.2697E-09
  0.1178E+02  0.4853E-07  0.1154E-09
  0.1473E+02  0.7066E-07  0.2946E-09
  0.1767E+02  0.9372E-07  0.2816E-09
  0.2062E+02  0.1165E-06  0.2955E-09
  0.2356E+02  0.1387E-06  0.4287E-09
  0.2651E+02  0.1603E-06  0.3931E-09
  0.2945E+02  0.1810E-06  0.4985E-09
  0.3240E+02  0.1998E-06  0.5167E-09
  0.3534E+02  0.2164E-06  0.4986E-09
  0.3829E+02  0.2308E-06  0.5881E-09
  0.4123E+02  0.2435E-06  0.5235E-09
  0.4418E+02  0.2544E-06  0.5215E-09
  0.4712E+02  0.2630E-06  0.5232E-09
  0.5007E+02  0.2690E-06  0.4677E-09
  0.5301E+02  0.2727E-06  0.5602E-09
  0.5596E+02  0.2747E-06  0.5322E-09
  0.5890E+02  0.2755E-06  0.5513E-09
  0.6185E+02  0.2746E-06  0.6222E-09
  0.6479E+02  0.2718E-06  0.6130E-09
  0.6774E+02  0.2674E-06  0.7423E-09
  0.7068E+02  0.2619E-06  0.8148E-09
  0.7363E+02  0.2556E-06  0.8627E-09
  0.7658E+02  0.2484E-06  0.9619E-09
  0.7952E+02  0.2399E-06  0.9943E-09
  0.8247E+02  0.2304E-06  0.1056E-08
  0.8541E+02  0.2205E-06  0.1053E-08
  0.8836E+02  0.2107E-06  0.9990E-09
  0.9130E+02  0.2010E-06  0.1032E-08
  0.9425E+02  0.1908E-06  0.1038E-08
  0.9719E+02  0.1801E-06  0.1077E-08
  0.1001E+03  0.1693E-06  0.1047E-08
  0.1031E+03  0.1591E-06  0.8834E-09
  0.1060E+03  0.1493E-06  0.8298E-09
  0.1090E+03  0.1397E-06  0.7710E-09
  0.1119E+03  0.1300E-06  0.7542E-09
  0.1149E+03  0.1207E-06  0.8766E-09
  0.1178E+03  0.1121E-06  0.9772E-09
  0.1208E+03  0.1042E-06  0.1136E-08
  0.1237E+03  0.9647E-07  0.1262E-08
  0.1266E+03  0.8866E-07  0.1388E-08
  0.1296E+03  0.8127E-07  0.1587E-08
  0.1325E+03  0.7486E-07  0.1737E-08
  0.1355E+03  0.6938E-07  0.1850E-08
  0.1384E+03  0.6414E-07  0.1903E-08
  0.1414E+03  0.5868E-07  0.1917E-08
  0.1443E+03  0.5333E-07  0.1987E-08
  0.1473E+03  0.4885E-07  0.2039E-08
  0.1502E+03  0.4539E-07  0.2058E-08
  0.1532E+03  0.4221E-07  0.2037E-08
  0.1561E+03  0.3851E-07  0.1983E-08
  0.1590E+03  0.3441E-07  0.1975E-08
  0.1620E+03  0.3082E-07  0.1946E-08
  0.1649E+03  0.2826E-07  0.1889E-08
  0.1679E+03  0.2618E-07  0.1825E-08
  0.1708E+03  0.2365E-07  0.1768E-08
  0.1738E+03  0.2059E-07  0.1804E-08
  0.1767E+03  0.1796E-07  0.1818E-08
  0.1797E+03  0.1648E-07  0.1749E-08
  0.1826E+03  0.1563E-07  0.1672E-08
  0.1855E+03  0.1415E-07  0.1613E-08
  0.1885E+03  0.1171E-07  0.1619E-08
  0.1914E+03  0.9462E-08  0.1662E-08
  0.1944E+03  0.8592E-08  0.1663E-08
  0.1973E+03  0.8577E-08  0.1618E-08
  0.2003E+03  0.7597E-08  0.1440E-08
  0.2032E+03  0.4955E-08  0.1249E-08
  0.2062E+03  0.2461E-08  0.1366E-08
  0.2091E+03  0.2361E-08  0.1260E-08
  0.2121E+03  0.3450E-08  0.1620E-08
  0.2150E+03  0.0000E+00  0.0000E+00
